The system is: Linux - 4.15.0-29-generic - x86_64
Compiling the C compiler identification source file "CMakeCCompilerId.c" succeeded.
Compiler: /usr/bin/cc 
Build flags: 
Id flags:  

The output was:
0


Compilation of the C compiler identification source "CMakeCCompilerId.c" produced "a.out"

The C compiler identification is GNU, found in "/home/knifey-moloko/Programming/C_basics_stuff/K&R/Exercises/1_19_ReverseString/cmake-build-debug/CMakeFiles/3.10.3/CompilerIdC/a.out"

Determining if the C compiler works passed with the following output:
Change Dir: /home/knifey-moloko/Programming/C_basics_stuff/K&R/Exercises/1_19_ReverseString/cmake-build-debug/CMakeFiles/CMakeTmp

Run Build Command:"/usr/bin/make" "cmTC_6d297/fast"
/usr/bin/make -f CMakeFiles/cmTC_6d297.dir/build.make CMakeFiles/cmTC_6d297.dir/build
make[1]: Entering directory '/home/knifey-moloko/Programming/C_basics_stuff/K&R/Exercises/1_19_ReverseString/cmake-build-debug/CMakeFiles/CMakeTmp'
Building C object CMakeFiles/cmTC_6d297.dir/testCCompiler.c.o
/usr/bin/cc    -o CMakeFiles/cmTC_6d297.dir/testCCompiler.c.o   -c "/home/knifey-moloko/Programming/C_basics_stuff/K&R/Exercises/1_19_ReverseString/cmake-build-debug/CMakeFiles/CMakeTmp/testCCompiler.c"
Linking C executable cmTC_6d297
/home/knifey-moloko/IDEs/CLion/bin/cmake/bin/cmake -E cmake_link_script CMakeFiles/cmTC_6d297.dir/link.txt --verbose=1
/usr/bin/cc      CMakeFiles/cmTC_6d297.dir/testCCompiler.c.o  -o cmTC_6d297 
make[1]: Leaving directory '/home/knifey-moloko/Programming/C_basics_stuff/K&R/Exercises/1_19_ReverseString/cmake-build-debug/CMakeFiles/CMakeTmp'


Detecting C compiler ABI info compiled with the following output:
Change Dir: /home/knifey-moloko/Programming/C_basics_stuff/K&R/Exercises/1_19_ReverseString/cmake-build-debug/CMakeFiles/CMakeTmp

Run Build Command:"/usr/bin/make" "cmTC_63fed/fast"
/usr/bin/make -f CMakeFiles/cmTC_63fed.dir/build.make CMakeFiles/cmTC_63fed.dir/build
make[1]: Entering directory '/home/knifey-moloko/Programming/C_basics_stuff/K&R/Exercises/1_19_ReverseString/cmake-build-debug/CMakeFiles/CMakeTmp'
Building C object CMakeFiles/cmTC_63fed.dir/CMakeCCompilerABI.c.o
/usr/bin/cc    -o CMakeFiles/cmTC_63fed.dir/CMakeCCompilerABI.c.o   -c /home/knifey-moloko/IDEs/CLion/bin/cmake/share/cmake-3.10/Modules/CMakeCCompilerABI.c
Linking C executable cmTC_63fed
/home/knifey-moloko/IDEs/CLion/bin/cmake/bin/cmake -E cmake_link_script CMakeFiles/cmTC_63fed.dir/link.txt --verbose=1
/usr/bin/cc     -v CMakeFiles/cmTC_63fed.dir/CMakeCCompilerABI.c.o  -o cmTC_63fed 
Using built-in specs.
COLLECT_GCC=/usr/bin/cc
COLLECT_LTO_WRAPPER=/usr/lib/gcc/x86_64-linux-gnu/5/lto-wrapper
Target: x86_64-linux-gnu
Configured with: ../src/configure -v --with-pkgversion='Ubuntu 5.4.0-6ubuntu1~16.04.10' --with-bugurl=file:///usr/share/doc/gcc-5/README.Bugs --enable-languages=c,ada,c++,java,go,d,fortran,objc,obj-c++ --prefix=/usr --program-suffix=-5 --enable-shared --enable-linker-build-id --libexecdir=/usr/lib --without-included-gettext --enable-threads=posix --libdir=/usr/lib --enable-nls --with-sysroot=/ --enable-clocale=gnu --enable-libstdcxx-debug --enable-libstdcxx-time=yes --with-default-libstdcxx-abi=new --enable-gnu-unique-object --disable-vtable-verify --enable-libmpx --enable-plugin --with-system-zlib --disable-browser-plugin --enable-java-awt=gtk --enable-gtk-cairo --with-java-home=/usr/lib/jvm/java-1.5.0-gcj-5-amd64/jre --enable-java-home --with-jvm-root-dir=/usr/lib/jvm/java-1.5.0-gcj-5-amd64 --with-jvm-jar-dir=/usr/lib/jvm-exports/java-1.5.0-gcj-5-amd64 --with-arch-directory=amd64 --with-ecj-jar=/usr/share/java/eclipse-ecj.jar --enable-objc-gc --enable-multiarch --disable-werror --with-arch-32=i686 --with-abi=m64 --with-multilib-list=m32,m64,mx32 --enable-multilib --with-tune=generic --enable-checking=release --build=x86_64-linux-gnu --host=x86_64-linux-gnu --target=x86_64-linux-gnu
Thread model: posix
gcc version 5.4.0 20160609 (Ubuntu 5.4.0-6ubuntu1~16.04.10) 
COMPILER_PATH=/usr/lib/gcc/x86_64-linux-gnu/5/:/usr/lib/gcc/x86_64-linux-gnu/5/:/usr/lib/gcc/x86_64-linux-gnu/:/usr/lib/gcc/x86_64-linux-gnu/5/:/usr/lib/gcc/x86_64-linux-gnu/
LIBRARY_PATH=/usr/lib/gcc/x86_64-linux-gnu/5/:/usr/lib/gcc/x86_64-linux-gnu/5/../../../x86_64-linux-gnu/:/usr/lib/gcc/x86_64-linux-gnu/5/../../../../lib/:/lib/x86_64-linux-gnu/:/lib/../lib/:/usr/lib/x86_64-linux-gnu/:/usr/lib/../lib/:/usr/lib/gcc/x86_64-linux-gnu/5/../../../:/lib/:/usr/lib/
COLLECT_GCC_OPTIONS='-v' '-o' 'cmTC_63fed' '-mtune=generic' '-march=x86-64'
 /usr/lib/gcc/x86_64-linux-gnu/5/collect2 -plugin /usr/lib/gcc/x86_64-linux-gnu/5/liblto_plugin.so -plugin-opt=/usr/lib/gcc/x86_64-linux-gnu/5/lto-wrapper -plugin-opt=-fresolution=/tmp/cc11PDCE.res -plugin-opt=-pass-through=-lgcc -plugin-opt=-pass-through=-lgcc_s -plugin-opt=-pass-through=-lc -plugin-opt=-pass-through=-lgcc -plugin-opt=-pass-through=-lgcc_s --sysroot=/ --build-id --eh-frame-hdr -m elf_x86_64 --hash-style=gnu --as-needed -dynamic-linker /lib64/ld-linux-x86-64.so.2 -z relro -o cmTC_63fed /usr/lib/gcc/x86_64-linux-gnu/5/../../../x86_64-linux-gnu/crt1.o /usr/lib/gcc/x86_64-linux-gnu/5/../../../x86_64-linux-gnu/crti.o /usr/lib/gcc/x86_64-linux-gnu/5/crtbegin.o -L/usr/lib/gcc/x86_64-linux-gnu/5 -L/usr/lib/gcc/x86_64-linux-gnu/5/../../../x86_64-linux-gnu -L/usr/lib/gcc/x86_64-linux-gnu/5/../../../../lib -L/lib/x86_64-linux-gnu -L/lib/../lib -L/usr/lib/x86_64-linux-gnu -L/usr/lib/../lib -L/usr/lib/gcc/x86_64-linux-gnu/5/../../.. CMakeFiles/cmTC_63fed.dir/CMakeCCompilerABI.c.o -lgcc --as-needed -lgcc_s --no-as-needed -lc -lgcc --as-needed -lgcc_s --no-as-needed /usr/lib/gcc/x86_64-linux-gnu/5/crtend.o /usr/lib/gcc/x86_64-linux-gnu/5/../../../x86_64-linux-gnu/crtn.o
make[1]: Leaving directory '/home/knifey-moloko/Programming/C_basics_stuff/K&R/Exercises/1_19_ReverseString/cmake-build-debug/CMakeFiles/CMakeTmp'


Parsed C implicit link information from above output:
  link line regex: [^( *|.*[/\])(ld|CMAKE_LINK_STARTFILE-NOTFOUND|([^/\]+-)?ld|collect2)[^/\]*( |$)]
  ignore line: [Change Dir: /home/knifey-moloko/Programming/C_basics_stuff/K&R/Exercises/1_19_ReverseString/cmake-build-debug/CMakeFiles/CMakeTmp]
  ignore line: []
  ignore line: [Run Build Command:"/usr/bin/make" "cmTC_63fed/fast"]
  ignore line: [/usr/bin/make -f CMakeFiles/cmTC_63fed.dir/build.make CMakeFiles/cmTC_63fed.dir/build]
  ignore line: [make[1]: Entering directory '/home/knifey-moloko/Programming/C_basics_stuff/K&R/Exercises/1_19_ReverseString/cmake-build-debug/CMakeFiles/CMakeTmp']
  ignore line: [Building C object CMakeFiles/cmTC_63fed.dir/CMakeCCompilerABI.c.o]
  ignore line: [/usr/bin/cc    -o CMakeFiles/cmTC_63fed.dir/CMakeCCompilerABI.c.o   -c /home/knifey-moloko/IDEs/CLion/bin/cmake/share/cmake-3.10/Modules/CMakeCCompilerABI.c]
  ignore line: [Linking C executable cmTC_63fed]
  ignore line: [/home/knifey-moloko/IDEs/CLion/bin/cmake/bin/cmake -E cmake_link_script CMakeFiles/cmTC_63fed.dir/link.txt --verbose=1]
  ignore line: [/usr/bin/cc     -v CMakeFiles/cmTC_63fed.dir/CMakeCCompilerABI.c.o  -o cmTC_63fed ]
  ignore line: [Using built-in specs.]
  ignore line: [COLLECT_GCC=/usr/bin/cc]
  ignore line: [COLLECT_LTO_WRAPPER=/usr/lib/gcc/x86_64-linux-gnu/5/lto-wrapper]
  ignore line: [Target: x86_64-linux-gnu]
  ignore line: [Configured with: ../src/configure -v --with-pkgversion='Ubuntu 5.4.0-6ubuntu1~16.04.10' --with-bugurl=file:///usr/share/doc/gcc-5/README.Bugs --enable-languages=c,ada,c++,java,go,d,fortran,objc,obj-c++ --prefix=/usr --program-suffix=-5 --enable-shared --enable-linker-build-id --libexecdir=/usr/lib --without-included-gettext --enable-threads=posix --libdir=/usr/lib --enable-nls --with-sysroot=/ --enable-clocale=gnu --enable-libstdcxx-debug --enable-libstdcxx-time=yes --with-default-libstdcxx-abi=new --enable-gnu-unique-object --disable-vtable-verify --enable-libmpx --enable-plugin --with-system-zlib --disable-browser-plugin --enable-java-awt=gtk --enable-gtk-cairo --with-java-home=/usr/lib/jvm/java-1.5.0-gcj-5-amd64/jre --enable-java-home --with-jvm-root-dir=/usr/lib/jvm/java-1.5.0-gcj-5-amd64 --with-jvm-jar-dir=/usr/lib/jvm-exports/java-1.5.0-gcj-5-amd64 --with-arch-directory=amd64 --with-ecj-jar=/usr/share/java/eclipse-ecj.jar --enable-objc-gc --enable-multiarch --disable-werror --with-arch-32=i686 --with-abi=m64 --with-multilib-list=m32,m64,mx32 --enable-multilib --with-tune=generic --enable-checking=release --build=x86_64-linux-gnu --host=x86_64-linux-gnu --target=x86_64-linux-gnu]
  ignore line: [Thread model: posix]
  ignore line: [gcc version 5.4.0 20160609 (Ubuntu 5.4.0-6ubuntu1~16.04.10) ]
  ignore line: [COMPILER_PATH=/usr/lib/gcc/x86_64-linux-gnu/5/:/usr/lib/gcc/x86_64-linux-gnu/5/:/usr/lib/gcc/x86_64-linux-gnu/:/usr/lib/gcc/x86_64-linux-gnu/5/:/usr/lib/gcc/x86_64-linux-gnu/]
  ignore line: [LIBRARY_PATH=/usr/lib/gcc/x86_64-linux-gnu/5/:/usr/lib/gcc/x86_64-linux-gnu/5/../../../x86_64-linux-gnu/:/usr/lib/gcc/x86_64-linux-gnu/5/../../../../lib/:/lib/x86_64-linux-gnu/:/lib/../lib/:/usr/lib/x86_64-linux-gnu/:/usr/lib/../lib/:/usr/lib/gcc/x86_64-linux-gnu/5/../../../:/lib/:/usr/lib/]
  ignore line: [COLLECT_GCC_OPTIONS='-v' '-o' 'cmTC_63fed' '-mtune=generic' '-march=x86-64']
  link line: [ /usr/lib/gcc/x86_64-linux-gnu/5/collect2 -plugin /usr/lib/gcc/x86_64-linux-gnu/5/liblto_plugin.so -plugin-opt=/usr/lib/gcc/x86_64-linux-gnu/5/lto-wrapper -plugin-opt=-fresolution=/tmp/cc11PDCE.res -plugin-opt=-pass-through=-lgcc -plugin-opt=-pass-through=-lgcc_s -plugin-opt=-pass-through=-lc -plugin-opt=-pass-through=-lgcc -plugin-opt=-pass-through=-lgcc_s --sysroot=/ --build-id --eh-frame-hdr -m elf_x86_64 --hash-style=gnu --as-needed -dynamic-linker /lib64/ld-linux-x86-64.so.2 -z relro -o cmTC_63fed /usr/lib/gcc/x86_64-linux-gnu/5/../../../x86_64-linux-gnu/crt1.o /usr/lib/gcc/x86_64-linux-gnu/5/../../../x86_64-linux-gnu/crti.o /usr/lib/gcc/x86_64-linux-gnu/5/crtbegin.o -L/usr/lib/gcc/x86_64-linux-gnu/5 -L/usr/lib/gcc/x86_64-linux-gnu/5/../../../x86_64-linux-gnu -L/usr/lib/gcc/x86_64-linux-gnu/5/../../../../lib -L/lib/x86_64-linux-gnu -L/lib/../lib -L/usr/lib/x86_64-linux-gnu -L/usr/lib/../lib -L/usr/lib/gcc/x86_64-linux-gnu/5/../../.. CMakeFiles/cmTC_63fed.dir/CMakeCCompilerABI.c.o -lgcc --as-needed -lgcc_s --no-as-needed -lc -lgcc --as-needed -lgcc_s --no-as-needed /usr/lib/gcc/x86_64-linux-gnu/5/crtend.o /usr/lib/gcc/x86_64-linux-gnu/5/../../../x86_64-linux-gnu/crtn.o]
    arg [/usr/lib/gcc/x86_64-linux-gnu/5/collect2] ==> ignore
    arg [-plugin] ==> ignore
    arg [/usr/lib/gcc/x86_64-linux-gnu/5/liblto_plugin.so] ==> ignore
    arg [-plugin-opt=/usr/lib/gcc/x86_64-linux-gnu/5/lto-wrapper] ==> ignore
    arg [-plugin-opt=-fresolution=/tmp/cc11PDCE.res] ==> ignore
    arg [-plugin-opt=-pass-through=-lgcc] ==> ignore
    arg [-plugin-opt=-pass-through=-lgcc_s] ==> ignore
    arg [-plugin-opt=-pass-through=-lc] ==> ignore
    arg [-plugin-opt=-pass-through=-lgcc] ==> ignore
    arg [-plugin-opt=-pass-through=-lgcc_s] ==> ignore
    arg [--sysroot=/] ==> ignore
    arg [--build-id] ==> ignore
    arg [--eh-frame-hdr] ==> ignore
    arg [-m] ==> ignore
    arg [elf_x86_64] ==> ignore
    arg [--hash-style=gnu] ==> ignore
    arg [--as-needed] ==> ignore
    arg [-dynamic-linker] ==> ignore
    arg [/lib64/ld-linux-x86-64.so.2] ==> ignore
    arg [-zrelro] ==> ignore
    arg [-o] ==> ignore
    arg [cmTC_63fed] ==> ignore
    arg [/usr/lib/gcc/x86_64-linux-gnu/5/../../../x86_64-linux-gnu/crt1.o] ==> ignore
    arg [/usr/lib/gcc/x86_64-linux-gnu/5/../../../x86_64-linux-gnu/crti.o] ==> ignore
    arg [/usr/lib/gcc/x86_64-linux-gnu/5/crtbegin.o] ==> ignore
    arg [-L/usr/lib/gcc/x86_64-linux-gnu/5] ==> dir [/usr/lib/gcc/x86_64-linux-gnu/5]
    arg [-L/usr/lib/gcc/x86_64-linux-gnu/5/../../../x86_64-linux-gnu] ==> dir [/usr/lib/gcc/x86_64-linux-gnu/5/../../../x86_64-linux-gnu]
    arg [-L/usr/lib/gcc/x86_64-linux-gnu/5/../../../../lib] ==> dir [/usr/lib/gcc/x86_64-linux-gnu/5/../../../../lib]
    arg [-L/lib/x86_64-linux-gnu] ==> dir [/lib/x86_64-linux-gnu]
    arg [-L/lib/../lib] ==> dir [/lib/../lib]
    arg [-L/usr/lib/x86_64-linux-gnu] ==> dir [/usr/lib/x86_64-linux-gnu]
    arg [-L/usr/lib/../lib] ==> dir [/usr/lib/../lib]
    arg [-L/usr/lib/gcc/x86_64-linux-gnu/5/../../..] ==> dir [/usr/lib/gcc/x86_64-linux-gnu/5/../../..]
    arg [CMakeFiles/cmTC_63fed.dir/CMakeCCompilerABI.c.o] ==> ignore
    arg [-lgcc] ==> lib [gcc]
    arg [--as-needed] ==> ignore
    arg [-lgcc_s] ==> lib [gcc_s]
    arg [--no-as-needed] ==> ignore
    arg [-lc] ==> lib [c]
    arg [-lgcc] ==> lib [gcc]
    arg [--as-needed] ==> ignore
    arg [-lgcc_s] ==> lib [gcc_s]
    arg [--no-as-needed] ==> ignore
    arg [/usr/lib/gcc/x86_64-linux-gnu/5/crtend.o] ==> ignore
    arg [/usr/lib/gcc/x86_64-linux-gnu/5/../../../x86_64-linux-gnu/crtn.o] ==> ignore
  collapse library dir [/usr/lib/gcc/x86_64-linux-gnu/5] ==> [/usr/lib/gcc/x86_64-linux-gnu/5]
  collapse library dir [/usr/lib/gcc/x86_64-linux-gnu/5/../../../x86_64-linux-gnu] ==> [/usr/lib/x86_64-linux-gnu]
  collapse library dir [/usr/lib/gcc/x86_64-linux-gnu/5/../../../../lib] ==> [/usr/lib]
  collapse library dir [/lib/x86_64-linux-gnu] ==> [/lib/x86_64-linux-gnu]
  collapse library dir [/lib/../lib] ==> [/lib]
  collapse library dir [/usr/lib/x86_64-linux-gnu] ==> [/usr/lib/x86_64-linux-gnu]
  collapse library dir [/usr/lib/../lib] ==> [/usr/lib]
  collapse library dir [/usr/lib/gcc/x86_64-linux-gnu/5/../../..] ==> [/usr/lib]
  implicit libs: [gcc;gcc_s;c;gcc;gcc_s]
  implicit dirs: [/usr/lib/gcc/x86_64-linux-gnu/5;/usr/lib/x86_64-linux-gnu;/usr/lib;/lib/x86_64-linux-gnu;/lib]
  implicit fwks: []




Detecting C [-std=c11] compiler features compiled with the following output:
Change Dir: /home/knifey-moloko/Programming/C_basics_stuff/K&R/Exercises/1_19_ReverseString/cmake-build-debug/CMakeFiles/CMakeTmp

Run Build Command:"/usr/bin/make" "cmTC_125c5/fast"
/usr/bin/make -f CMakeFiles/cmTC_125c5.dir/build.make CMakeFiles/cmTC_125c5.dir/build
make[1]: Entering directory '/home/knifey-moloko/Programming/C_basics_stuff/K&R/Exercises/1_19_ReverseString/cmake-build-debug/CMakeFiles/CMakeTmp'
Building C object CMakeFiles/cmTC_125c5.dir/feature_tests.c.o
/usr/bin/cc   -std=c11 -o CMakeFiles/cmTC_125c5.dir/feature_tests.c.o   -c "/home/knifey-moloko/Programming/C_basics_stuff/K&R/Exercises/1_19_ReverseString/cmake-build-debug/CMakeFiles/feature_tests.c"
Linking C executable cmTC_125c5
/home/knifey-moloko/IDEs/CLion/bin/cmake/bin/cmake -E cmake_link_script CMakeFiles/cmTC_125c5.dir/link.txt --verbose=1
/usr/bin/cc      CMakeFiles/cmTC_125c5.dir/feature_tests.c.o  -o cmTC_125c5 
make[1]: Leaving directory '/home/knifey-moloko/Programming/C_basics_stuff/K&R/Exercises/1_19_ReverseString/cmake-build-debug/CMakeFiles/CMakeTmp'


    Feature record: C_FEATURE:1c_function_prototypes
    Feature record: C_FEATURE:1c_restrict
    Feature record: C_FEATURE:1c_static_assert
    Feature record: C_FEATURE:1c_variadic_macros


Detecting C [-std=c99] compiler features compiled with the following output:
Change Dir: /home/knifey-moloko/Programming/C_basics_stuff/K&R/Exercises/1_19_ReverseString/cmake-build-debug/CMakeFiles/CMakeTmp

Run Build Command:"/usr/bin/make" "cmTC_0cf77/fast"
/usr/bin/make -f CMakeFiles/cmTC_0cf77.dir/build.make CMakeFiles/cmTC_0cf77.dir/build
make[1]: Entering directory '/home/knifey-moloko/Programming/C_basics_stuff/K&R/Exercises/1_19_ReverseString/cmake-build-debug/CMakeFiles/CMakeTmp'
Building C object CMakeFiles/cmTC_0cf77.dir/feature_tests.c.o
/usr/bin/cc   -std=c99 -o CMakeFiles/cmTC_0cf77.dir/feature_tests.c.o   -c "/home/knifey-moloko/Programming/C_basics_stuff/K&R/Exercises/1_19_ReverseString/cmake-build-debug/CMakeFiles/feature_tests.c"
Linking C executable cmTC_0cf77
/home/knifey-moloko/IDEs/CLion/bin/cmake/bin/cmake -E cmake_link_script CMakeFiles/cmTC_0cf77.dir/link.txt --verbose=1
/usr/bin/cc      CMakeFiles/cmTC_0cf77.dir/feature_tests.c.o  -o cmTC_0cf77 
make[1]: Leaving directory '/home/knifey-moloko/Programming/C_basics_stuff/K&R/Exercises/1_19_ReverseString/cmake-build-debug/CMakeFiles/CMakeTmp'


    Feature record: C_FEATURE:1c_function_prototypes
    Feature record: C_FEATURE:1c_restrict
    Feature record: C_FEATURE:0c_static_assert
    Feature record: C_FEATURE:1c_variadic_macros


Detecting C [-std=c90] compiler features compiled with the following output:
Change Dir: /home/knifey-moloko/Programming/C_basics_stuff/K&R/Exercises/1_19_ReverseString/cmake-build-debug/CMakeFiles/CMakeTmp

Run Build Command:"/usr/bin/make" "cmTC_63af1/fast"
/usr/bin/make -f CMakeFiles/cmTC_63af1.dir/build.make CMakeFiles/cmTC_63af1.dir/build
make[1]: Entering directory '/home/knifey-moloko/Programming/C_basics_stuff/K&R/Exercises/1_19_ReverseString/cmake-build-debug/CMakeFiles/CMakeTmp'
Building C object CMakeFiles/cmTC_63af1.dir/feature_tests.c.o
/usr/bin/cc   -std=c90 -o CMakeFiles/cmTC_63af1.dir/feature_tests.c.o   -c "/home/knifey-moloko/Programming/C_basics_stuff/K&R/Exercises/1_19_ReverseString/cmake-build-debug/CMakeFiles/feature_tests.c"
Linking C executable cmTC_63af1
/home/knifey-moloko/IDEs/CLion/bin/cmake/bin/cmake -E cmake_link_script CMakeFiles/cmTC_63af1.dir/link.txt --verbose=1
/usr/bin/cc      CMakeFiles/cmTC_63af1.dir/feature_tests.c.o  -o cmTC_63af1 
make[1]: Leaving directory '/home/knifey-moloko/Programming/C_basics_stuff/K&R/Exercises/1_19_ReverseString/cmake-build-debug/CMakeFiles/CMakeTmp'


    Feature record: C_FEATURE:1c_function_prototypes
    Feature record: C_FEATURE:0c_restrict
    Feature record: C_FEATURE:0c_static_assert
    Feature record: C_FEATURE:0c_variadic_macros
The system is: Linux - 4.17.12-85.current - x86_64
Compiling the C compiler identification source file "CMakeCCompilerId.c" succeeded.
Compiler: /usr/bin/cc 
Build flags: 
Id flags:  

The output was:
0


Compilation of the C compiler identification source "CMakeCCompilerId.c" produced "a.out"

The C compiler identification is GNU, found in "/home/newton/Programming/C/K&R/Exercises/1_19_ReverseString/cmake-build-debug/CMakeFiles/3.12.0/CompilerIdC/a.out"

Determining if the C compiler works passed with the following output:
Change Dir: /home/newton/Programming/C/K&R/Exercises/1_19_ReverseString/cmake-build-debug/CMakeFiles/CMakeTmp

Run Build Command:"/usr/bin/gmake" "cmTC_b4a3e/fast"
/usr/bin/gmake -f CMakeFiles/cmTC_b4a3e.dir/build.make CMakeFiles/cmTC_b4a3e.dir/build
gmake[1]: Entering directory '/home/newton/Programming/C/K&R/Exercises/1_19_ReverseString/cmake-build-debug/CMakeFiles/CMakeTmp'
Building C object CMakeFiles/cmTC_b4a3e.dir/testCCompiler.c.o
/usr/bin/cc    -o CMakeFiles/cmTC_b4a3e.dir/testCCompiler.c.o   -c "/home/newton/Programming/C/K&R/Exercises/1_19_ReverseString/cmake-build-debug/CMakeFiles/CMakeTmp/testCCompiler.c"
Linking C executable cmTC_b4a3e
/home/newton/IDEs/CLion2018/bin/cmake/linux/bin/cmake -E cmake_link_script CMakeFiles/cmTC_b4a3e.dir/link.txt --verbose=1
/usr/bin/cc      CMakeFiles/cmTC_b4a3e.dir/testCCompiler.c.o  -o cmTC_b4a3e 
gmake[1]: Leaving directory '/home/newton/Programming/C/K&R/Exercises/1_19_ReverseString/cmake-build-debug/CMakeFiles/CMakeTmp'


Detecting C compiler ABI info compiled with the following output:
Change Dir: /home/newton/Programming/C/K&R/Exercises/1_19_ReverseString/cmake-build-debug/CMakeFiles/CMakeTmp

Run Build Command:"/usr/bin/gmake" "cmTC_49afc/fast"
/usr/bin/gmake -f CMakeFiles/cmTC_49afc.dir/build.make CMakeFiles/cmTC_49afc.dir/build
gmake[1]: Entering directory '/home/newton/Programming/C/K&R/Exercises/1_19_ReverseString/cmake-build-debug/CMakeFiles/CMakeTmp'
Building C object CMakeFiles/cmTC_49afc.dir/CMakeCCompilerABI.c.o
/usr/bin/cc    -o CMakeFiles/cmTC_49afc.dir/CMakeCCompilerABI.c.o   -c /home/newton/IDEs/CLion2018/bin/cmake/linux/share/cmake-3.12/Modules/CMakeCCompilerABI.c
Linking C executable cmTC_49afc
/home/newton/IDEs/CLion2018/bin/cmake/linux/bin/cmake -E cmake_link_script CMakeFiles/cmTC_49afc.dir/link.txt --verbose=1
/usr/bin/cc     -v CMakeFiles/cmTC_49afc.dir/CMakeCCompilerABI.c.o  -o cmTC_49afc 
Using built-in specs.
COLLECT_GCC=/usr/bin/cc
COLLECT_LTO_WRAPPER=/usr/lib64/gcc/x86_64-solus-linux/7.3.0/lto-wrapper
Target: x86_64-solus-linux
Configured with: ../configure --prefix=/usr --with-pkgversion=Solus --libdir=/usr/lib64 --libexecdir=/usr/lib64 --with-system-zlib --enable-shared --enable-threads=posix --enable-gnu-indirect-function --enable-__cxa_atexit --enable-plugin --enable-gold --enable-ld=default --enable-clocale=gnu --enable-multilib --with-multilib-list=m32,m64 --enable-lto --with-bugurl=https://dev.solus-project.com/ --with-arch_32=i686 --enable-linker-build-id --with-linker-hash-style=gnu --with-gnu-ld --build=x86_64-solus-linux --target=x86_64-solus-linux --enable-languages=c,c++,fortran
Thread model: posix
gcc version 7.3.0 (Solus) 
COMPILER_PATH=/usr/lib64/gcc/x86_64-solus-linux/7.3.0/:/usr/lib64/gcc/x86_64-solus-linux/7.3.0/:/usr/lib64/gcc/x86_64-solus-linux/:/usr/lib64/gcc/x86_64-solus-linux/7.3.0/:/usr/lib64/gcc/x86_64-solus-linux/
LIBRARY_PATH=/usr/lib64/gcc/x86_64-solus-linux/7.3.0/:/usr/lib64/gcc/x86_64-solus-linux/7.3.0/../../../../lib64/:/lib/../lib64/:/usr/lib/../lib64/:/usr/lib64/gcc/x86_64-solus-linux/7.3.0/../../../:/lib/:/usr/lib/
COLLECT_GCC_OPTIONS='-v' '-o' 'cmTC_49afc' '-mtune=generic' '-march=x86-64'
 /usr/lib64/gcc/x86_64-solus-linux/7.3.0/collect2 -plugin /usr/lib64/gcc/x86_64-solus-linux/7.3.0/liblto_plugin.so -plugin-opt=/usr/lib64/gcc/x86_64-solus-linux/7.3.0/lto-wrapper -plugin-opt=-fresolution=/tmp/ccEXNRne.res -plugin-opt=-pass-through=-lgcc -plugin-opt=-pass-through=-lgcc_s -plugin-opt=-pass-through=-lc -plugin-opt=-pass-through=-lgcc -plugin-opt=-pass-through=-lgcc_s --build-id --eh-frame-hdr --hash-style=gnu -m elf_x86_64 -dynamic-linker /usr/lib64/ld-linux-x86-64.so.2 -o cmTC_49afc /usr/lib64/gcc/x86_64-solus-linux/7.3.0/../../../../lib64/crt1.o /usr/lib64/gcc/x86_64-solus-linux/7.3.0/../../../../lib64/crti.o /usr/lib64/gcc/x86_64-solus-linux/7.3.0/crtbegin.o -L/usr/lib64/gcc/x86_64-solus-linux/7.3.0 -L/usr/lib64/gcc/x86_64-solus-linux/7.3.0/../../../../lib64 -L/lib/../lib64 -L/usr/lib/../lib64 -L/usr/lib64/gcc/x86_64-solus-linux/7.3.0/../../.. CMakeFiles/cmTC_49afc.dir/CMakeCCompilerABI.c.o -lgcc --as-needed -lgcc_s --no-as-needed -lc -lgcc --as-needed -lgcc_s --no-as-needed /usr/lib64/gcc/x86_64-solus-linux/7.3.0/crtend.o /usr/lib64/gcc/x86_64-solus-linux/7.3.0/../../../../lib64/crtn.o
COLLECT_GCC_OPTIONS='-v' '-o' 'cmTC_49afc' '-mtune=generic' '-march=x86-64'
gmake[1]: Leaving directory '/home/newton/Programming/C/K&R/Exercises/1_19_ReverseString/cmake-build-debug/CMakeFiles/CMakeTmp'


Parsed C implicit link information from above output:
  link line regex: [^( *|.*[/\])(ld|CMAKE_LINK_STARTFILE-NOTFOUND|([^/\]+-)?ld|collect2)[^/\]*( |$)]
  ignore line: [Change Dir: /home/newton/Programming/C/K&R/Exercises/1_19_ReverseString/cmake-build-debug/CMakeFiles/CMakeTmp]
  ignore line: []
  ignore line: [Run Build Command:"/usr/bin/gmake" "cmTC_49afc/fast"]
  ignore line: [/usr/bin/gmake -f CMakeFiles/cmTC_49afc.dir/build.make CMakeFiles/cmTC_49afc.dir/build]
  ignore line: [gmake[1]: Entering directory '/home/newton/Programming/C/K&R/Exercises/1_19_ReverseString/cmake-build-debug/CMakeFiles/CMakeTmp']
  ignore line: [Building C object CMakeFiles/cmTC_49afc.dir/CMakeCCompilerABI.c.o]
  ignore line: [/usr/bin/cc    -o CMakeFiles/cmTC_49afc.dir/CMakeCCompilerABI.c.o   -c /home/newton/IDEs/CLion2018/bin/cmake/linux/share/cmake-3.12/Modules/CMakeCCompilerABI.c]
  ignore line: [Linking C executable cmTC_49afc]
  ignore line: [/home/newton/IDEs/CLion2018/bin/cmake/linux/bin/cmake -E cmake_link_script CMakeFiles/cmTC_49afc.dir/link.txt --verbose=1]
  ignore line: [/usr/bin/cc     -v CMakeFiles/cmTC_49afc.dir/CMakeCCompilerABI.c.o  -o cmTC_49afc ]
  ignore line: [Using built-in specs.]
  ignore line: [COLLECT_GCC=/usr/bin/cc]
  ignore line: [COLLECT_LTO_WRAPPER=/usr/lib64/gcc/x86_64-solus-linux/7.3.0/lto-wrapper]
  ignore line: [Target: x86_64-solus-linux]
  ignore line: [Configured with: ../configure --prefix=/usr --with-pkgversion=Solus --libdir=/usr/lib64 --libexecdir=/usr/lib64 --with-system-zlib --enable-shared --enable-threads=posix --enable-gnu-indirect-function --enable-__cxa_atexit --enable-plugin --enable-gold --enable-ld=default --enable-clocale=gnu --enable-multilib --with-multilib-list=m32,m64 --enable-lto --with-bugurl=https://dev.solus-project.com/ --with-arch_32=i686 --enable-linker-build-id --with-linker-hash-style=gnu --with-gnu-ld --build=x86_64-solus-linux --target=x86_64-solus-linux --enable-languages=c,c++,fortran]
  ignore line: [Thread model: posix]
  ignore line: [gcc version 7.3.0 (Solus) ]
  ignore line: [COMPILER_PATH=/usr/lib64/gcc/x86_64-solus-linux/7.3.0/:/usr/lib64/gcc/x86_64-solus-linux/7.3.0/:/usr/lib64/gcc/x86_64-solus-linux/:/usr/lib64/gcc/x86_64-solus-linux/7.3.0/:/usr/lib64/gcc/x86_64-solus-linux/]
  ignore line: [LIBRARY_PATH=/usr/lib64/gcc/x86_64-solus-linux/7.3.0/:/usr/lib64/gcc/x86_64-solus-linux/7.3.0/../../../../lib64/:/lib/../lib64/:/usr/lib/../lib64/:/usr/lib64/gcc/x86_64-solus-linux/7.3.0/../../../:/lib/:/usr/lib/]
  ignore line: [COLLECT_GCC_OPTIONS='-v' '-o' 'cmTC_49afc' '-mtune=generic' '-march=x86-64']
  link line: [ /usr/lib64/gcc/x86_64-solus-linux/7.3.0/collect2 -plugin /usr/lib64/gcc/x86_64-solus-linux/7.3.0/liblto_plugin.so -plugin-opt=/usr/lib64/gcc/x86_64-solus-linux/7.3.0/lto-wrapper -plugin-opt=-fresolution=/tmp/ccEXNRne.res -plugin-opt=-pass-through=-lgcc -plugin-opt=-pass-through=-lgcc_s -plugin-opt=-pass-through=-lc -plugin-opt=-pass-through=-lgcc -plugin-opt=-pass-through=-lgcc_s --build-id --eh-frame-hdr --hash-style=gnu -m elf_x86_64 -dynamic-linker /usr/lib64/ld-linux-x86-64.so.2 -o cmTC_49afc /usr/lib64/gcc/x86_64-solus-linux/7.3.0/../../../../lib64/crt1.o /usr/lib64/gcc/x86_64-solus-linux/7.3.0/../../../../lib64/crti.o /usr/lib64/gcc/x86_64-solus-linux/7.3.0/crtbegin.o -L/usr/lib64/gcc/x86_64-solus-linux/7.3.0 -L/usr/lib64/gcc/x86_64-solus-linux/7.3.0/../../../../lib64 -L/lib/../lib64 -L/usr/lib/../lib64 -L/usr/lib64/gcc/x86_64-solus-linux/7.3.0/../../.. CMakeFiles/cmTC_49afc.dir/CMakeCCompilerABI.c.o -lgcc --as-needed -lgcc_s --no-as-needed -lc -lgcc --as-needed -lgcc_s --no-as-needed /usr/lib64/gcc/x86_64-solus-linux/7.3.0/crtend.o /usr/lib64/gcc/x86_64-solus-linux/7.3.0/../../../../lib64/crtn.o]
    arg [/usr/lib64/gcc/x86_64-solus-linux/7.3.0/collect2] ==> ignore
    arg [-plugin] ==> ignore
    arg [/usr/lib64/gcc/x86_64-solus-linux/7.3.0/liblto_plugin.so] ==> ignore
    arg [-plugin-opt=/usr/lib64/gcc/x86_64-solus-linux/7.3.0/lto-wrapper] ==> ignore
    arg [-plugin-opt=-fresolution=/tmp/ccEXNRne.res] ==> ignore
    arg [-plugin-opt=-pass-through=-lgcc] ==> ignore
    arg [-plugin-opt=-pass-through=-lgcc_s] ==> ignore
    arg [-plugin-opt=-pass-through=-lc] ==> ignore
    arg [-plugin-opt=-pass-through=-lgcc] ==> ignore
    arg [-plugin-opt=-pass-through=-lgcc_s] ==> ignore
    arg [--build-id] ==> ignore
    arg [--eh-frame-hdr] ==> ignore
    arg [--hash-style=gnu] ==> ignore
    arg [-m] ==> ignore
    arg [elf_x86_64] ==> ignore
    arg [-dynamic-linker] ==> ignore
    arg [/usr/lib64/ld-linux-x86-64.so.2] ==> ignore
    arg [-o] ==> ignore
    arg [cmTC_49afc] ==> ignore
    arg [/usr/lib64/gcc/x86_64-solus-linux/7.3.0/../../../../lib64/crt1.o] ==> ignore
    arg [/usr/lib64/gcc/x86_64-solus-linux/7.3.0/../../../../lib64/crti.o] ==> ignore
    arg [/usr/lib64/gcc/x86_64-solus-linux/7.3.0/crtbegin.o] ==> ignore
    arg [-L/usr/lib64/gcc/x86_64-solus-linux/7.3.0] ==> dir [/usr/lib64/gcc/x86_64-solus-linux/7.3.0]
    arg [-L/usr/lib64/gcc/x86_64-solus-linux/7.3.0/../../../../lib64] ==> dir [/usr/lib64/gcc/x86_64-solus-linux/7.3.0/../../../../lib64]
    arg [-L/lib/../lib64] ==> dir [/lib/../lib64]
    arg [-L/usr/lib/../lib64] ==> dir [/usr/lib/../lib64]
    arg [-L/usr/lib64/gcc/x86_64-solus-linux/7.3.0/../../..] ==> dir [/usr/lib64/gcc/x86_64-solus-linux/7.3.0/../../..]
    arg [CMakeFiles/cmTC_49afc.dir/CMakeCCompilerABI.c.o] ==> ignore
    arg [-lgcc] ==> lib [gcc]
    arg [--as-needed] ==> ignore
    arg [-lgcc_s] ==> lib [gcc_s]
    arg [--no-as-needed] ==> ignore
    arg [-lc] ==> lib [c]
    arg [-lgcc] ==> lib [gcc]
    arg [--as-needed] ==> ignore
    arg [-lgcc_s] ==> lib [gcc_s]
    arg [--no-as-needed] ==> ignore
    arg [/usr/lib64/gcc/x86_64-solus-linux/7.3.0/crtend.o] ==> ignore
    arg [/usr/lib64/gcc/x86_64-solus-linux/7.3.0/../../../../lib64/crtn.o] ==> ignore
  collapse library dir [/usr/lib64/gcc/x86_64-solus-linux/7.3.0] ==> [/usr/lib64/gcc/x86_64-solus-linux/7.3.0]
  collapse library dir [/usr/lib64/gcc/x86_64-solus-linux/7.3.0/../../../../lib64] ==> [/usr/lib64]
  collapse library dir [/lib/../lib64] ==> [/lib64]
  collapse library dir [/usr/lib/../lib64] ==> [/usr/lib64]
  collapse library dir [/usr/lib64/gcc/x86_64-solus-linux/7.3.0/../../..] ==> [/usr/lib64]
  implicit libs: [gcc;gcc_s;c;gcc;gcc_s]
  implicit dirs: [/usr/lib64/gcc/x86_64-solus-linux/7.3.0;/usr/lib64;/lib64]
  implicit fwks: []




Detecting C [-std=c11] compiler features compiled with the following output:
Change Dir: /home/newton/Programming/C/K&R/Exercises/1_19_ReverseString/cmake-build-debug/CMakeFiles/CMakeTmp

Run Build Command:"/usr/bin/gmake" "cmTC_68f78/fast"
/usr/bin/gmake -f CMakeFiles/cmTC_68f78.dir/build.make CMakeFiles/cmTC_68f78.dir/build
gmake[1]: Entering directory '/home/newton/Programming/C/K&R/Exercises/1_19_ReverseString/cmake-build-debug/CMakeFiles/CMakeTmp'
Building C object CMakeFiles/cmTC_68f78.dir/feature_tests.c.o
/usr/bin/cc   -std=c11 -o CMakeFiles/cmTC_68f78.dir/feature_tests.c.o   -c "/home/newton/Programming/C/K&R/Exercises/1_19_ReverseString/cmake-build-debug/CMakeFiles/feature_tests.c"
Linking C executable cmTC_68f78
/home/newton/IDEs/CLion2018/bin/cmake/linux/bin/cmake -E cmake_link_script CMakeFiles/cmTC_68f78.dir/link.txt --verbose=1
/usr/bin/cc      CMakeFiles/cmTC_68f78.dir/feature_tests.c.o  -o cmTC_68f78 
gmake[1]: Leaving directory '/home/newton/Programming/C/K&R/Exercises/1_19_ReverseString/cmake-build-debug/CMakeFiles/CMakeTmp'


    Feature record: C_FEATURE:1c_function_prototypes
    Feature record: C_FEATURE:1c_restrict
    Feature record: C_FEATURE:1c_static_assert
    Feature record: C_FEATURE:1c_variadic_macros


Detecting C [-std=c99] compiler features compiled with the following output:
Change Dir: /home/newton/Programming/C/K&R/Exercises/1_19_ReverseString/cmake-build-debug/CMakeFiles/CMakeTmp

Run Build Command:"/usr/bin/gmake" "cmTC_5e522/fast"
/usr/bin/gmake -f CMakeFiles/cmTC_5e522.dir/build.make CMakeFiles/cmTC_5e522.dir/build
gmake[1]: Entering directory '/home/newton/Programming/C/K&R/Exercises/1_19_ReverseString/cmake-build-debug/CMakeFiles/CMakeTmp'
Building C object CMakeFiles/cmTC_5e522.dir/feature_tests.c.o
/usr/bin/cc   -std=c99 -o CMakeFiles/cmTC_5e522.dir/feature_tests.c.o   -c "/home/newton/Programming/C/K&R/Exercises/1_19_ReverseString/cmake-build-debug/CMakeFiles/feature_tests.c"
Linking C executable cmTC_5e522
/home/newton/IDEs/CLion2018/bin/cmake/linux/bin/cmake -E cmake_link_script CMakeFiles/cmTC_5e522.dir/link.txt --verbose=1
/usr/bin/cc      CMakeFiles/cmTC_5e522.dir/feature_tests.c.o  -o cmTC_5e522 
gmake[1]: Leaving directory '/home/newton/Programming/C/K&R/Exercises/1_19_ReverseString/cmake-build-debug/CMakeFiles/CMakeTmp'


    Feature record: C_FEATURE:1c_function_prototypes
    Feature record: C_FEATURE:1c_restrict
    Feature record: C_FEATURE:0c_static_assert
    Feature record: C_FEATURE:1c_variadic_macros


Detecting C [-std=c90] compiler features compiled with the following output:
Change Dir: /home/newton/Programming/C/K&R/Exercises/1_19_ReverseString/cmake-build-debug/CMakeFiles/CMakeTmp

Run Build Command:"/usr/bin/gmake" "cmTC_8e305/fast"
/usr/bin/gmake -f CMakeFiles/cmTC_8e305.dir/build.make CMakeFiles/cmTC_8e305.dir/build
gmake[1]: Entering directory '/home/newton/Programming/C/K&R/Exercises/1_19_ReverseString/cmake-build-debug/CMakeFiles/CMakeTmp'
Building C object CMakeFiles/cmTC_8e305.dir/feature_tests.c.o
/usr/bin/cc   -std=c90 -o CMakeFiles/cmTC_8e305.dir/feature_tests.c.o   -c "/home/newton/Programming/C/K&R/Exercises/1_19_ReverseString/cmake-build-debug/CMakeFiles/feature_tests.c"
Linking C executable cmTC_8e305
/home/newton/IDEs/CLion2018/bin/cmake/linux/bin/cmake -E cmake_link_script CMakeFiles/cmTC_8e305.dir/link.txt --verbose=1
/usr/bin/cc      CMakeFiles/cmTC_8e305.dir/feature_tests.c.o  -o cmTC_8e305 
gmake[1]: Leaving directory '/home/newton/Programming/C/K&R/Exercises/1_19_ReverseString/cmake-build-debug/CMakeFiles/CMakeTmp'


    Feature record: C_FEATURE:1c_function_prototypes
    Feature record: C_FEATURE:0c_restrict
    Feature record: C_FEATURE:0c_static_assert
    Feature record: C_FEATURE:0c_variadic_macros
